<?xml version="1.0" encoding="UTF-8"?>
<!-- Generated by org.testng.reporters.JUnitXMLReporter -->
<testsuite ignored="1" hostname="Khan" failures="0" tests="14" name="Test" time="60.467" errors="0" timestamp="2021-04-02T20:53:13 EDT">
  <testcase classname="AutomationPractice.DragnDrop" name="DragAndDrop" time="0.44"/>
  <testcase classname="AutomationPractice.DragnDrop" name="Keys" time="5.573"/>
  <testcase classname="AutomationPractice.DragnDrop" name="Uppercase" time="12.164"/>
  <testcase classname="AutomationPractice.Resolution_SendkeysJAVA_Authentication_popups" name="Authentication_Popup" time="0.731"/>
  <testcase classname="AutomationPractice.Resolution_SendkeysJAVA_Authentication_popups" name="Resolution" time="7.118"/>
  <testcase classname="AutomationPractice.Resolution_SendkeysJAVA_Authentication_popups" name="SendKeys_with_JS" time="0.014"/>
  <testcase classname="AutomationPractice.Test_NG_Loop" name="Adult_selecting" time="0.649"/>
  <testcase classname="AutomationPractice.Test_NG_Loop" name="Child_selecting" time="0.132"/>
  <testcase classname="AutomationPractice.Test_NG_Loop" name="Asserting_Adult_Child" time="5.048"/>
  <testcase classname="AutomationPractice.Test_NG_Loop" name="Asserting_Adult_Child" time="5.052"/>
  <testcase classname="AutomationPractice.Test_NG_Loop" name="Asserting_Adult_Child" time="5.057"/>
  <testcase classname="AutomationPractice.Upload_Files" name="Upload_File" time="3.049"/>
  <testcase classname="AutomationPractice.Upload_Files" name="Scrolling" time="2.846"/>
  <testcase classname="AutomationPractice.Upload_Files" name="Screenshot" time="1.715"/>
  <testcase classname="AutomationPractice.Test_NG_Loop" name="Child" time="0.0">
    <ignored/>
  </testcase> <!-- Child -->
</testsuite> <!-- Test -->
