<?xml version="1.0" encoding="UTF-8"?>
<testng-results ignored="0" total="1" passed="1" failed="0" skipped="0">
  <reporter-output>
  </reporter-output>
  <suite started-at="2022-02-03T21:34:51 EST" name="Default suite" finished-at="2022-02-03T21:34:57 EST" duration-ms="6474">
    <groups>
    </groups>
    <test started-at="2022-02-03T21:34:51 EST" name="Default test" finished-at="2022-02-03T21:34:57 EST" duration-ms="6474">
      <class name="AutomationPractice.Swag_Labs">
        <test-method signature="Swaglab()[pri:0, instance:AutomationPractice.Swag_Labs@197d671]" started-at="2022-02-03T21:34:51 EST" name="Swaglab" finished-at="2022-02-03T21:34:57 EST" duration-ms="6428" status="PASS">
          <reporter-output>
          </reporter-output>
        </test-method> <!-- Swaglab -->
      </class> <!-- AutomationPractice.Swag_Labs -->
    </test> <!-- Default test -->
  </suite> <!-- Default suite -->
</testng-results>
